[12-Aug-2020 17:44:19 UTC] PHP Parse error:  syntax error, unexpected '<' in /Users/ecosync/Local Sites/i-aun-school/app/public/wp-content/themes/primary-school/index.php on line 5
[12-Aug-2020 17:44:58 UTC] PHP Parse error:  syntax error, unexpected ';' in /Users/ecosync/Local Sites/i-aun-school/app/public/wp-content/themes/primary-school/index.php on line 2
[12-Aug-2020 17:45:01 UTC] PHP Parse error:  syntax error, unexpected ';' in /Users/ecosync/Local Sites/i-aun-school/app/public/wp-content/themes/primary-school/index.php on line 2
[12-Aug-2020 17:45:02 UTC] PHP Parse error:  syntax error, unexpected ';' in /Users/ecosync/Local Sites/i-aun-school/app/public/wp-content/themes/primary-school/index.php on line 2
[12-Aug-2020 17:45:42 UTC] PHP Parse error:  syntax error, unexpected '<' in /Users/ecosync/Local Sites/i-aun-school/app/public/wp-content/themes/primary-school/index.php on line 5
[12-Aug-2020 17:45:44 UTC] PHP Parse error:  syntax error, unexpected '<' in /Users/ecosync/Local Sites/i-aun-school/app/public/wp-content/themes/primary-school/index.php on line 5
[12-Aug-2020 17:45:45 UTC] PHP Parse error:  syntax error, unexpected '<' in /Users/ecosync/Local Sites/i-aun-school/app/public/wp-content/themes/primary-school/index.php on line 5
[12-Aug-2020 17:46:43 UTC] PHP Parse error:  syntax error, unexpected end of file in /Users/ecosync/Local Sites/i-aun-school/app/public/wp-content/themes/primary-school/index.php on line 9
[12-Aug-2020 17:46:45 UTC] PHP Parse error:  syntax error, unexpected end of file in /Users/ecosync/Local Sites/i-aun-school/app/public/wp-content/themes/primary-school/index.php on line 9
[12-Aug-2020 17:58:18 UTC] PHP Fatal error:  Uncaught Error: Call to undefined function get_gooter() in /Users/ecosync/Local Sites/i-aun-school/app/public/wp-content/themes/primary-school/index.php:15
Stack trace:
#0 /Users/ecosync/Local Sites/i-aun-school/app/public/wp-includes/template-loader.php(106): include()
#1 /Users/ecosync/Local Sites/i-aun-school/app/public/wp-blog-header.php(19): require_once('/Users/ecosync/...')
#2 /Users/ecosync/Local Sites/i-aun-school/app/public/index.php(17): require('/Users/ecosync/...')
#3 {main}
  thrown in /Users/ecosync/Local Sites/i-aun-school/app/public/wp-content/themes/primary-school/index.php on line 15
[12-Aug-2020 17:58:20 UTC] PHP Fatal error:  Uncaught Error: Call to undefined function get_gooter() in /Users/ecosync/Local Sites/i-aun-school/app/public/wp-content/themes/primary-school/index.php:15
Stack trace:
#0 /Users/ecosync/Local Sites/i-aun-school/app/public/wp-includes/template-loader.php(106): include()
#1 /Users/ecosync/Local Sites/i-aun-school/app/public/wp-blog-header.php(19): require_once('/Users/ecosync/...')
#2 /Users/ecosync/Local Sites/i-aun-school/app/public/index.php(17): require('/Users/ecosync/...')
#3 {main}
  thrown in /Users/ecosync/Local Sites/i-aun-school/app/public/wp-content/themes/primary-school/index.php on line 15
[12-Aug-2020 22:55:31 UTC] PHP Warning:  Use of undefined constant get - assumed 'get' (this will throw an Error in a future version of PHP) in /Users/ecosync/Local Sites/i-aun-school/app/public/wp-content/themes/primary-school/page.php on line 23
[12-Aug-2020 22:55:31 UTC] PHP Stack trace:
[12-Aug-2020 22:55:31 UTC] PHP   1. {main}() /Users/ecosync/Local Sites/i-aun-school/app/public/index.php:0
[12-Aug-2020 22:55:31 UTC] PHP   2. require() /Users/ecosync/Local Sites/i-aun-school/app/public/index.php:17
[12-Aug-2020 22:55:31 UTC] PHP   3. require_once() /Users/ecosync/Local Sites/i-aun-school/app/public/wp-blog-header.php:19
[12-Aug-2020 22:55:31 UTC] PHP   4. include() /Users/ecosync/Local Sites/i-aun-school/app/public/wp-includes/template-loader.php:106
[12-Aug-2020 22:56:52 UTC] PHP Fatal error:  Uncaught Error: Call to undefined function wp_get_title() in /Users/ecosync/Local Sites/i-aun-school/app/public/wp-content/themes/primary-school/page.php:22
Stack trace:
#0 /Users/ecosync/Local Sites/i-aun-school/app/public/wp-includes/template-loader.php(106): include()
#1 /Users/ecosync/Local Sites/i-aun-school/app/public/wp-blog-header.php(19): require_once('/Users/ecosync/...')
#2 /Users/ecosync/Local Sites/i-aun-school/app/public/index.php(17): require('/Users/ecosync/...')
#3 {main}
  thrown in /Users/ecosync/Local Sites/i-aun-school/app/public/wp-content/themes/primary-school/page.php on line 22
[13-Aug-2020 02:03:21 UTC] PHP Fatal error:  Uncaught Error: Call to undefined function get_theID() in /Users/ecosync/Local Sites/i-aun-school/app/public/wp-content/themes/primary-school/page.php:33
Stack trace:
#0 /Users/ecosync/Local Sites/i-aun-school/app/public/wp-includes/template-loader.php(106): include()
#1 /Users/ecosync/Local Sites/i-aun-school/app/public/wp-blog-header.php(19): require_once('/Users/ecosync/...')
#2 /Users/ecosync/Local Sites/i-aun-school/app/public/index.php(17): require('/Users/ecosync/...')
#3 {main}
  thrown in /Users/ecosync/Local Sites/i-aun-school/app/public/wp-content/themes/primary-school/page.php on line 33
[13-Aug-2020 02:55:34 UTC] PHP Fatal error:  Uncaught Error: Call to undefined function get_title_ID() in /Users/ecosync/Local Sites/i-aun-school/app/public/wp-content/themes/primary-school/page.php:33
Stack trace:
#0 /Users/ecosync/Local Sites/i-aun-school/app/public/wp-includes/template-loader.php(106): include()
#1 /Users/ecosync/Local Sites/i-aun-school/app/public/wp-blog-header.php(19): require_once('/Users/ecosync/...')
#2 /Users/ecosync/Local Sites/i-aun-school/app/public/index.php(17): require('/Users/ecosync/...')
#3 {main}
  thrown in /Users/ecosync/Local Sites/i-aun-school/app/public/wp-content/themes/primary-school/page.php on line 33
[13-Aug-2020 04:46:36 UTC] PHP Fatal error:  Uncaught Error: Call to undefined function get_title_ID() in /Users/ecosync/Local Sites/i-aun-school/app/public/wp-content/themes/primary-school/page.php:32
Stack trace:
#0 /Users/ecosync/Local Sites/i-aun-school/app/public/wp-includes/template-loader.php(106): include()
#1 /Users/ecosync/Local Sites/i-aun-school/app/public/wp-blog-header.php(19): require_once('/Users/ecosync/...')
#2 /Users/ecosync/Local Sites/i-aun-school/app/public/index.php(17): require('/Users/ecosync/...')
#3 {main}
  thrown in /Users/ecosync/Local Sites/i-aun-school/app/public/wp-content/themes/primary-school/page.php on line 32
